0 info it worked if it ends with ok
1 verbose cli [ 'C:\\Program Files\\nodejs\\node.exe',
1 verbose cli   'C:\\Program Files\\nodejs\\node_modules\\npm\\bin\\npm-cli.js',
1 verbose cli   'run',
1 verbose cli   'build' ]
2 info using npm@3.10.10
3 info using node@v6.11.0
4 verbose run-script [ 'prebuild', 'build', 'postbuild' ]
5 info lifecycle project-playbills-mark@0.0.1~prebuild: project-playbills-mark@0.0.1
6 silly lifecycle project-playbills-mark@0.0.1~prebuild: no script for prebuild, continuing
7 info lifecycle project-playbills-mark@0.0.1~build: project-playbills-mark@0.0.1
8 verbose lifecycle project-playbills-mark@0.0.1~build: unsafe-perm in lifecycle true
9 verbose lifecycle project-playbills-mark@0.0.1~build: PATH: C:\Program Files\nodejs\node_modules\npm\bin\node-gyp-bin;C:\github\project-playbills-mark\node_modules\.bin;C:\WINDOWS\system32\WindowsPowerShell\v1.0\;C:\ProgramData\Oracle\Java\javapath;C:\Program Files\Common Files\Microsoft Shared\Windows Live;C:\Program Files (x86)\Common Files\Microsoft Shared\Windows Live;C:\WINDOWS\system32;C:\WINDOWS;C:\WINDOWS\System32\Wbem;C:\WINDOWS\System32\WindowsPowerShell\v1.0\;C:\PROGRA~1\DISKEE~1\DISKEE~1\;C:\Program Files (x86)\Windows Live\Shared;C:\HashiCorp\Vagrant\bin;C:\Program Files\Git\cmd;C:\Program Files\Git\mingw64\bin;C:\Program Files\Git\usr\bin;C:\Program Files\nodejs\;C:\Ruby23\bin;C:\node;C:\npm;C:\Users\amendes\AppData\Local\Programs\Git\cmd;C:\Python27;C:\Python27\Scripts;C:\Users\amendes\AppData\Local\Pandoc\
10 verbose lifecycle project-playbills-mark@0.0.1~build: CWD: C:\github\project-playbills-mark
11 silly lifecycle project-playbills-mark@0.0.1~build: Args: [ '/d /s /c', 'npm run clean && webpack --progress --colors' ]
12 silly lifecycle project-playbills-mark@0.0.1~build: Returned: code: 2  signal: null
13 info lifecycle project-playbills-mark@0.0.1~build: Failed to exec build script
14 verbose stack Error: project-playbills-mark@0.0.1 build: `npm run clean && webpack --progress --colors`
14 verbose stack Exit status 2
14 verbose stack     at EventEmitter.<anonymous> (C:\Program Files\nodejs\node_modules\npm\lib\utils\lifecycle.js:255:16)
14 verbose stack     at emitTwo (events.js:106:13)
14 verbose stack     at EventEmitter.emit (events.js:191:7)
14 verbose stack     at ChildProcess.<anonymous> (C:\Program Files\nodejs\node_modules\npm\lib\utils\spawn.js:40:14)
14 verbose stack     at emitTwo (events.js:106:13)
14 verbose stack     at ChildProcess.emit (events.js:191:7)
14 verbose stack     at maybeClose (internal/child_process.js:891:16)
14 verbose stack     at Process.ChildProcess._handle.onexit (internal/child_process.js:226:5)
15 verbose pkgid project-playbills-mark@0.0.1
16 verbose cwd C:\github\project-playbills-mark
17 error Windows_NT 6.1.7601
18 error argv "C:\\Program Files\\nodejs\\node.exe" "C:\\Program Files\\nodejs\\node_modules\\npm\\bin\\npm-cli.js" "run" "build"
19 error node v6.11.0
20 error npm  v3.10.10
21 error code ELIFECYCLE
22 error project-playbills-mark@0.0.1 build: `npm run clean && webpack --progress --colors`
22 error Exit status 2
23 error Failed at the project-playbills-mark@0.0.1 build script 'npm run clean && webpack --progress --colors'.
23 error Make sure you have the latest version of node.js and npm installed.
23 error If you do, this is most likely a problem with the project-playbills-mark package,
23 error not with npm itself.
23 error Tell the author that this fails on your system:
23 error     npm run clean && webpack --progress --colors
23 error You can get information on how to open an issue for this project with:
23 error     npm bugs project-playbills-mark
23 error Or if that isn't available, you can get their info via:
23 error     npm owner ls project-playbills-mark
23 error There is likely additional logging output above.
24 verbose exit [ 1, true ]
